# JRE version: OpenJDK Runtime Environment Temurin-17.0.11+9 (17.0.11+9) (build 17.0.11+9)
# Java VM: OpenJDK 64-Bit Server VM Temurin-17.0.11+9 (17.0.11+9, mixed mode, emulated-client, tiered, compressed oops, compressed class ptrs, g1 gc, windows-amd64)
GC Precious Log:
 CPUs: 4 total, 4 available
 Memory: 7948M
 Large Page Support: Disabled
 NUMA Support: Disabled
 Compressed Oops: Enabled (32-bit)
 Heap Region Size: 1M
 Heap Min Capacity: 8M
 Heap Initial Capacity: 126M
 Heap Max Capacity: 1G
 Pre-touch: Disabled
 Parallel Workers: 4
 Concurrent Workers: 1
 Concurrent Refinement Workers: 4
 Periodic GC: Disabled
Heap:
 garbage-first heap   total 140288K, used 41357K [0x00000000c0000000, 0x0000000100000000)
  region size 1024K, 1 young (1024K), 0 survivors (0K)
 Metaspace       used 60260K, committed 60736K, reserved 1114112K
  class space    used 7377K, committed 7616K, reserved 1048576K
GC Heap History (20 events):
Event: 618465.779 GC heap before
{Heap before GC invocations=59786 (full 59761):
 garbage-first heap   total 140288K, used 41357K [0x00000000c0000000, 0x0000000100000000)
  region size 1024K, 1 young (1024K), 0 survivors (0K)
 Metaspace       used 60260K, committed 60736K, reserved 1114112K
  class space    used 7377K, committed 7616K, reserved 1048576K
}
Event: 618465.803 GC heap after
{Heap after GC invocations=59787 (full 59762):
 garbage-first heap   total 140288K, used 41357K [0x00000000c0000000, 0x0000000100000000)
  region size 1024K, 0 young (0K), 0 survivors (0K)
 Metaspace       used 60260K, committed 60736K, reserved 1114112K
  class space    used 7377K, committed 7616K, reserved 1048576K
}
Event: 618476.176 GC heap before
{Heap before GC invocations=59787 (full 59762):
 garbage-first heap   total 140288K, used 41357K [0x00000000c0000000, 0x0000000100000000)
  region size 1024K, 1 young (1024K), 0 survivors (0K)
 Metaspace       used 60260K, committed 60736K, reserved 1114112K
  class space    used 7377K, committed 7616K, reserved 1048576K
}
Event: 618476.200 GC heap after
{Heap after GC invocations=59788 (full 59763):
 garbage-first heap   total 140288K, used 41357K [0x00000000c0000000, 0x0000000100000000)
  region size 1024K, 0 young (0K), 0 survivors (0K)
 Metaspace       used 60260K, committed 60736K, reserved 1114112K
  class space    used 7377K, committed 7616K, reserved 1048576K
}
Event: 618486.587 GC heap before
{Heap before GC invocations=59788 (full 59763):
 garbage-first heap   total 140288K, used 41357K [0x00000000c0000000, 0x0000000100000000)
  region size 1024K, 1 young (1024K), 0 survivors (0K)
 Metaspace       used 60260K, committed 60736K, reserved 1114112K
  class space    used 7377K, committed 7616K, reserved 1048576K
}
Event: 618486.611 GC heap after
{Heap after GC invocations=59789 (full 59764):
 garbage-first heap   total 140288K, used 41357K [0x00000000c0000000, 0x0000000100000000)
  region size 1024K, 0 young (0K), 0 survivors (0K)
 Metaspace       used 60260K, committed 60736K, reserved 1114112K
  class space    used 7377K, committed 7616K, reserved 1048576K
}
Event: 618497.057 GC heap before
{Heap before GC invocations=59789 (full 59764):
 garbage-first heap   total 140288K, used 41357K [0x00000000c0000000, 0x0000000100000000)
  region size 1024K, 1 young (1024K), 0 survivors (0K)
 Metaspace       used 60260K, committed 60736K, reserved 1114112K
  class space    used 7377K, committed 7616K, reserved 1048576K
}
Event: 618497.082 GC heap after
{Heap after GC invocations=59790 (full 59765):
 garbage-first heap   total 140288K, used 41357K [0x00000000c0000000, 0x0000000100000000)
  region size 1024K, 0 young (0K), 0 survivors (0K)
 Metaspace       used 60260K, committed 60736K, reserved 1114112K
  class space    used 7377K, committed 7616K, reserved 1048576K
}
Event: 618507.500 GC heap before
{Heap before GC invocations=59790 (full 59765):
 garbage-first heap   total 140288K, used 41357K [0x00000000c0000000, 0x0000000100000000)
  region size 1024K, 1 young (1024K), 0 survivors (0K)
 Metaspace       used 60260K, committed 60736K, reserved 1114112K
  class space    used 7377K, committed 7616K, reserved 1048576K
}
Event: 618507.527 GC heap after
{Heap after GC invocations=59791 (full 59766):
 garbage-first heap   total 140288K, used 41357K [0x00000000c0000000, 0x0000000100000000)
  region size 1024K, 0 young (0K), 0 survivors (0K)
 Metaspace       used 60260K, committed 60736K, reserved 1114112K
  class space    used 7377K, committed 7616K, reserved 1048576K
}
Event: 618517.904 GC heap before
{Heap before GC invocations=59791 (full 59766):
 garbage-first heap   total 140288K, used 41357K [0x00000000c0000000, 0x0000000100000000)
  region size 1024K, 1 young (1024K), 0 survivors (0K)
 Metaspace       used 60260K, committed 60736K, reserved 1114112K
  class space    used 7377K, committed 7616K, reserved 1048576K
}
Event: 618517.929 GC heap after
{Heap after GC invocations=59792 (full 59767):
 garbage-first heap   total 140288K, used 41357K [0x00000000c0000000, 0x0000000100000000)
  region size 1024K, 0 young (0K), 0 survivors (0K)
 Metaspace       used 60260K, committed 60736K, reserved 1114112K
  class space    used 7377K, committed 7616K, reserved 1048576K
}
Event: 618528.308 GC heap before
{Heap before GC invocations=59792 (full 59767):
 garbage-first heap   total 140288K, used 41357K [0x00000000c0000000, 0x0000000100000000)
  region size 1024K, 1 young (1024K), 0 survivors (0K)
 Metaspace       used 60260K, committed 60736K, reserved 1114112K
  class space    used 7377K, committed 7616K, reserved 1048576K
}
Event: 618528.333 GC heap after
{Heap after GC invocations=59793 (full 59768):
 garbage-first heap   total 140288K, used 41357K [0x00000000c0000000, 0x0000000100000000)
  region size 1024K, 0 young (0K), 0 survivors (0K)
 Metaspace       used 60260K, committed 60736K, reserved 1114112K
  class space    used 7377K, committed 7616K, reserved 1048576K
}
Event: 618538.960 GC heap before
{Heap before GC invocations=59793 (full 59768):
 garbage-first heap   total 140288K, used 41357K [0x00000000c0000000, 0x0000000100000000)
  region size 1024K, 1 young (1024K), 0 survivors (0K)
 Metaspace       used 60260K, committed 60736K, reserved 1114112K
  class space    used 7377K, committed 7616K, reserved 1048576K
}
Event: 618538.986 GC heap after
{Heap after GC invocations=59794 (full 59769):
 garbage-first heap   total 140288K, used 41357K [0x00000000c0000000, 0x0000000100000000)
  region size 1024K, 0 young (0K), 0 survivors (0K)
 Metaspace       used 60260K, committed 60736K, reserved 1114112K
  class space    used 7377K, committed 7616K, reserved 1048576K
}
Event: 618549.351 GC heap before
{Heap before GC invocations=59794 (full 59769):
 garbage-first heap   total 140288K, used 41357K [0x00000000c0000000, 0x0000000100000000)
  region size 1024K, 1 young (1024K), 0 survivors (0K)
 Metaspace       used 60260K, committed 60736K, reserved 1114112K
  class space    used 7377K, committed 7616K, reserved 1048576K
}
Event: 618549.374 GC heap after
{Heap after GC invocations=59795 (full 59770):
 garbage-first heap   total 140288K, used 41357K [0x00000000c0000000, 0x0000000100000000)
  region size 1024K, 0 young (0K), 0 survivors (0K)
 Metaspace       used 60260K, committed 60736K, reserved 1114112K
  class space    used 7377K, committed 7616K, reserved 1048576K
}
Event: 618559.807 GC heap before
{Heap before GC invocations=59795 (full 59770):
 garbage-first heap   total 140288K, used 41357K [0x00000000c0000000, 0x0000000100000000)
  region size 1024K, 1 young (1024K), 0 survivors (0K)
 Metaspace       used 60260K, committed 60736K, reserved 1114112K
  class space    used 7377K, committed 7616K, reserved 1048576K
}
Event: 618559.833 GC heap after
{Heap after GC invocations=59796 (full 59771):
 garbage-first heap   total 140288K, used 41357K [0x00000000c0000000, 0x0000000100000000)
  region size 1024K, 0 young (0K), 0 survivors (0K)
 Metaspace       used 60260K, committed 60736K, reserved 1114112K
  class space    used 7377K, committed 7616K, reserved 1048576K
}

